{"C:\\Users\\La-Manu-Amadou\\Desktop\\www\\nodejs\\eslintprettier\\app.js": {"path":"C:\\Users\\La-Manu-Amadou\\Desktop\\www\\nodejs\\eslintprettier\\app.js","statementMap":{"0":{"start":{"line":1,"column":16},"end":{"line":1,"column":34}},"1":{"start":{"line":2,"column":13},"end":{"line":2,"column":28}},"2":{"start":{"line":3,"column":21},"end":{"line":3,"column":45}},"3":{"start":{"line":4,"column":15},"end":{"line":4,"column":32}},"4":{"start":{"line":6,"column":20},"end":{"line":6,"column":45}},"5":{"start":{"line":8,"column":12},"end":{"line":8,"column":21}},"6":{"start":{"line":10,"column":0},"end":{"line":10,"column":23}},"7":{"start":{"line":11,"column":0},"end":{"line":11,"column":24}},"8":{"start":{"line":12,"column":0},"end":{"line":12,"column":49}},"9":{"start":{"line":13,"column":0},"end":{"line":13,"column":24}},"10":{"start":{"line":14,"column":0},"end":{"line":14,"column":56}},"11":{"start":{"line":16,"column":0},"end":{"line":16,"column":31}},"12":{"start":{"line":18,"column":0},"end":{"line":18,"column":21}}},"fnMap":{},"branchMap":{},"s":{"0":1,"1":1,"2":1,"3":1,"4":1,"5":1,"6":1,"7":1,"8":1,"9":1,"10":1,"11":1,"12":1},"f":{},"b":{},"_coverageSchema":"1a1c01bbd47fc00a2c39e90264f33305004495a9","hash":"8744245a8cf0867b1a1fecae7e5c48448b0bebb1"}
,"C:\\Users\\La-Manu-Amadou\\Desktop\\www\\nodejs\\eslintprettier\\controllers\\users.js": {"path":"C:\\Users\\La-Manu-Amadou\\Desktop\\www\\nodejs\\eslintprettier\\controllers\\users.js","statementMap":{"0":{"start":{"line":1,"column":14},"end":{"line":20,"column":1}},"1":{"start":{"line":22,"column":0},"end":{"line":24,"column":2}},"2":{"start":{"line":23,"column":4},"end":{"line":23,"column":32}},"3":{"start":{"line":26,"column":0},"end":{"line":35,"column":2}},"4":{"start":{"line":27,"column":17},"end":{"line":27,"column":72}},"5":{"start":{"line":27,"column":38},"end":{"line":27,"column":71}},"6":{"start":{"line":29,"column":4},"end":{"line":33,"column":5}},"7":{"start":{"line":30,"column":8},"end":{"line":32,"column":11}},"8":{"start":{"line":34,"column":4},"end":{"line":34,"column":31}},"9":{"start":{"line":37,"column":0},"end":{"line":37,"column":66}},"10":{"start":{"line":37,"column":35},"end":{"line":37,"column":65}},"11":{"start":{"line":39,"column":0},"end":{"line":45,"column":2}},"12":{"start":{"line":40,"column":17},"end":{"line":40,"column":72}},"13":{"start":{"line":40,"column":38},"end":{"line":40,"column":71}},"14":{"start":{"line":42,"column":17},"end":{"line":42,"column":25}},"15":{"start":{"line":43,"column":4},"end":{"line":43,"column":21}},"16":{"start":{"line":44,"column":4},"end":{"line":44,"column":47}},"17":{"start":{"line":47,"column":0},"end":{"line":53,"column":2}},"18":{"start":{"line":48,"column":25},"end":{"line":50,"column":5}},"19":{"start":{"line":49,"column":18},"end":{"line":49,"column":51}},"20":{"start":{"line":52,"column":4},"end":{"line":52,"column":39}}},"fnMap":{"0":{"name":"(anonymous_0)","decl":{"start":{"line":22,"column":22},"end":{"line":22,"column":23}},"loc":{"start":{"line":22,"column":36},"end":{"line":24,"column":1}},"line":22},"1":{"name":"(anonymous_1)","decl":{"start":{"line":26,"column":21},"end":{"line":26,"column":22}},"loc":{"start":{"line":26,"column":35},"end":{"line":35,"column":1}},"line":26},"2":{"name":"(anonymous_2)","decl":{"start":{"line":27,"column":28},"end":{"line":27,"column":29}},"loc":{"start":{"line":27,"column":38},"end":{"line":27,"column":71}},"line":27},"3":{"name":"(anonymous_3)","decl":{"start":{"line":37,"column":21},"end":{"line":37,"column":22}},"loc":{"start":{"line":37,"column":35},"end":{"line":37,"column":65}},"line":37},"4":{"name":"(anonymous_4)","decl":{"start":{"line":39,"column":21},"end":{"line":39,"column":22}},"loc":{"start":{"line":39,"column":35},"end":{"line":45,"column":1}},"line":39},"5":{"name":"(anonymous_5)","decl":{"start":{"line":40,"column":28},"end":{"line":40,"column":29}},"loc":{"start":{"line":40,"column":38},"end":{"line":40,"column":71}},"line":40},"6":{"name":"(anonymous_6)","decl":{"start":{"line":47,"column":21},"end":{"line":47,"column":22}},"loc":{"start":{"line":47,"column":35},"end":{"line":53,"column":1}},"line":47},"7":{"name":"(anonymous_7)","decl":{"start":{"line":49,"column":8},"end":{"line":49,"column":9}},"loc":{"start":{"line":49,"column":18},"end":{"line":49,"column":51}},"line":49}},"branchMap":{"0":{"loc":{"start":{"line":29,"column":4},"end":{"line":33,"column":5}},"type":"if","locations":[{"start":{"line":29,"column":4},"end":{"line":33,"column":5}},{"start":{},"end":{}}],"line":29}},"s":{"0":1,"1":1,"2":1,"3":1,"4":1,"5":1,"6":1,"7":0,"8":1,"9":1,"10":1,"11":1,"12":1,"13":1,"14":1,"15":1,"16":1,"17":1,"18":1,"19":3,"20":1},"f":{"0":1,"1":1,"2":1,"3":1,"4":1,"5":1,"6":1,"7":3},"b":{"0":[0,1]},"_coverageSchema":"1a1c01bbd47fc00a2c39e90264f33305004495a9","hash":"555b7bdf40183d58e983b924172c4b39f5838840"}
,"C:\\Users\\La-Manu-Amadou\\Desktop\\www\\nodejs\\eslintprettier\\routes\\users.js": {"path":"C:\\Users\\La-Manu-Amadou\\Desktop\\www\\nodejs\\eslintprettier\\routes\\users.js","statementMap":{"0":{"start":{"line":1,"column":16},"end":{"line":1,"column":34}},"1":{"start":{"line":3,"column":15},"end":{"line":3,"column":31}},"2":{"start":{"line":5,"column":23},"end":{"line":5,"column":54}},"3":{"start":{"line":8,"column":0},"end":{"line":8,"column":46}},"4":{"start":{"line":9,"column":0},"end":{"line":9,"column":44}},"5":{"start":{"line":10,"column":0},"end":{"line":10,"column":44}},"6":{"start":{"line":11,"column":0},"end":{"line":11,"column":48}},"7":{"start":{"line":12,"column":0},"end":{"line":12,"column":49}},"8":{"start":{"line":14,"column":0},"end":{"line":14,"column":24}}},"fnMap":{},"branchMap":{},"s":{"0":1,"1":1,"2":1,"3":1,"4":1,"5":1,"6":1,"7":1,"8":1},"f":{},"b":{},"_coverageSchema":"1a1c01bbd47fc00a2c39e90264f33305004495a9","hash":"3cba245c156912e254ea4b9222715dd6d2b6f1eb"}
}
